<?xml version="1.0" encoding="UTF-8"?>
<!-- Generated by org.testng.reporters.JUnitReportReporter -->
<testsuite name="test.java.testScripts.HomePage" tests="1" time="3.505" ignored="0" failures="0" timestamp="18 Apr 2017 04:08:57 GMT" skipped="0" hostname="IN-GN-34667" errors="0">
  <testcase name="login" time="3.505" classname="test.java.testScripts.HomePage"/>
</testsuite> <!-- test.java.testScripts.HomePage -->
