<?xml version="1.0" encoding="UTF-8"?>
<!-- Generated by org.testng.reporters.JUnitReportReporter -->
<testsuite name="testScripts.HomePage" tests="1" time="29.941" ignored="0" failures="0" timestamp="17 Apr 2017 15:18:35 GMT" skipped="0" hostname="IN-GN-34667" errors="0">
  <testcase name="login" time="29.941" classname="testScripts.HomePage"/>
</testsuite> <!-- testScripts.HomePage -->
